-------------------------------------------------------------------------------
Test set: TestPGCH
-------------------------------------------------------------------------------
Tests run: 1, Failures: 1, Errors: 0, Skipped: 0, Time elapsed: 12.51 s <<< FAILURE! - in TestPGCH
testReadLineitemSF1WarpDrive  Time elapsed: 10.371 s  <<< FAILURE!
org.opentest4j.AssertionFailedError: expected: <6001215> but was: <0>
	at TestPGCH.testReadLineitemSF1WarpDrive(TestPGCH.java:394)

